[17848:17288:0412/193436.978:INFO:chrome_browser_cloud_management_controller.cc(202)] No machine level policy manager exists.
[9364:4392:0412/193439.112:ERROR:gles2_cmd_decoder_passthrough.cc(1081)] [GroupMarkerNotSet(crbug.com/242999)!:A00028003C220000]Automatic fallback to software WebGL has been deprecated. Please use the --enable-unsafe-swiftshader flag to opt in to lower security guarantees for trusted content.
[9364:4392:0412/193439.242:ERROR:gl_utils.cc(431)] [.WebGL-0x226400a22200]GL Driver Message (OpenGL, Performance, GL_CLOSE_PATH_NV, High): GPU stall due to ReadPixels
[17848:17288:0412/193439.288:INFO:CONSOLE(1)] "Error", source: https://deo.shopeemobile.com/shopee/shopee-pcmall-live-sg/assets/entry-modules.63db2e8b6e870e38.js (1)
[17848:17288:0412/193439.305:INFO:CONSOLE(1)] "[object HTMLDivElement]", source: https://deo.shopeemobile.com/shopee/shopee-pcmall-live-sg/assets/sws.7b076e9bc847b033.js (1)
[18328:16732:0412/193439.307:INFO:peer_connection_dependency_factory.cc(802)] Running WebRTC with a combined Network and Worker thread.
[17848:17288:0412/193439.406:INFO:CONSOLE(0)] "[GroupMarkerNotSet(crbug.com/242999)!:A00028003C220000]Automatic fallback to software WebGL has been deprecated. Please use the --enable-unsafe-swiftshader flag to opt in to lower security guarantees for trusted content.", source: https://shopee.tw/ (0)
[17848:17288:0412/193439.406:INFO:CONSOLE(0)] "[.WebGL-0x226400a22200]GL Driver Message (OpenGL, Performance, GL_CLOSE_PATH_NV, High): GPU stall due to ReadPixels", source: https://shopee.tw/ (0)
[17848:17288:0412/193439.426:WARNING:capture_device_ranking.h(255)] Can't initialize the value of media.audio_input.user_preference_ranking because media.default_audio_capture_device isn't registered or is empty
[17848:17288:0412/193439.426:WARNING:capture_device_ranking.h(255)] Can't initialize the value of media.video_input.user_preference_ranking because media.default_video_capture_Device isn't registered or is empty
[17848:17288:0412/193439.954:INFO:CONSOLE(1)] "TypeError: Cannot read properties of null (reading '9')", source: https://deo.shopeemobile.com/shopee/modules-federation/live/0/shopee__web_enhance_sap/2.25.869.js (1)
[9364:4392:0412/193439.959:ERROR:gles2_cmd_decoder_passthrough.cc(1081)] [GroupMarkerNotSet(crbug.com/242999)!:A09028003C220000]Automatic fallback to software WebGL has been deprecated. Please use the --enable-unsafe-swiftshader flag to opt in to lower security guarantees for trusted content.
[17848:17288:0412/193440.077:INFO:CONSOLE(0)] "[GroupMarkerNotSet(crbug.com/242999)!:A09028003C220000]Automatic fallback to software WebGL has been deprecated. Please use the --enable-unsafe-swiftshader flag to opt in to lower security guarantees for trusted content.", source: https://shopee.tw/ (0)
[17848:17288:0412/193440.136:INFO:CONSOLE(1)] "TypeError: Cannot read properties of null (reading '9')", source: https://deo.shopeemobile.com/shopee/modules-federation/live/0/shopee__web_enhance_sap/2.25.869.js (1)
[17848:17288:0412/193440.294:INFO:CONSOLE(1)] "TypeError: Cannot read properties of null (reading '9')", source: https://deo.shopeemobile.com/shopee/modules-federation/live/0/shopee__web_enhance_sap/2.25.869.js (1)
[17848:17288:0412/193440.434:INFO:CONSOLE(1)] "TypeError: Cannot read properties of null (reading '9')", source: https://deo.shopeemobile.com/shopee/modules-federation/live/0/shopee__web_enhance_sap/2.25.869.js (1)
[17848:17288:0412/193440.840:INFO:CONSOLE(1)] "TypeError: Cannot read properties of null (reading '9')", source: https://deo.shopeemobile.com/shopee/modules-federation/live/0/shopee__web_enhance_sap/2.25.869.js (1)
[17848:17288:0412/193444.018:INFO:CONSOLE(1)] "MiniChat Build Time:  Thu Apr 10 2025 18:39:23 GMT+0800 (Singapore Standard Time)", source: https://deo.shopeemobile.com/shopee/shopee-pcmall-live-sg/assets/entry-modules.63db2e8b6e870e38.js (1)
[9364:4392:0412/193445.979:ERROR:gles2_cmd_decoder_passthrough.cc(1081)] [GroupMarkerNotSet(crbug.com/242999)!:A0C02B003C220000]Automatic fallback to software WebGL has been deprecated. Please use the --enable-unsafe-swiftshader flag to opt in to lower security guarantees for trusted content.
[9364:4392:0412/193446.046:ERROR:gl_utils.cc(431)] [.WebGL-0x226400a1d500]GL Driver Message (OpenGL, Performance, GL_CLOSE_PATH_NV, High): GPU stall due to ReadPixels
[17848:17288:0412/193446.094:INFO:CONSOLE(1)] "Error", source: https://deo.shopeemobile.com/shopee/shopee-pcmall-live-sg/assets/sws.7b076e9bc847b033.js (1)
[17848:17288:0412/193446.142:INFO:CONSOLE(1)] "[object HTMLDivElement]", source: https://deo.shopeemobile.com/shopee/shopee-pcmall-live-sg/assets/sws.7b076e9bc847b033.js (1)
[18328:16732:0412/193446.159:INFO:peer_connection_dependency_factory.cc(802)] Running WebRTC with a combined Network and Worker thread.
[17848:17288:0412/193446.173:WARNING:capture_device_ranking.h(255)] Can't initialize the value of media.audio_input.user_preference_ranking because media.default_audio_capture_device isn't registered or is empty
[17848:17288:0412/193446.173:WARNING:capture_device_ranking.h(255)] Can't initialize the value of media.video_input.user_preference_ranking because media.default_video_capture_Device isn't registered or is empty
[17848:17288:0412/193446.205:INFO:CONSOLE(0)] "[GroupMarkerNotSet(crbug.com/242999)!:A0C02B003C220000]Automatic fallback to software WebGL has been deprecated. Please use the --enable-unsafe-swiftshader flag to opt in to lower security guarantees for trusted content.", source: https://shopee.tw/buyer/login (0)
[17848:17288:0412/193446.207:INFO:CONSOLE(0)] "[.WebGL-0x226400a1d500]GL Driver Message (OpenGL, Performance, GL_CLOSE_PATH_NV, High): GPU stall due to ReadPixels", source: https://shopee.tw/buyer/login (0)
[17848:17288:0412/193446.857:INFO:CONSOLE(1)] "TypeError: Cannot read properties of null (reading '9')", source: https://deo.shopeemobile.com/shopee/modules-federation/live/0/shopee__web_enhance_sap/2.25.869.js (1)
[9364:4392:0412/193446.862:ERROR:gles2_cmd_decoder_passthrough.cc(1081)] [GroupMarkerNotSet(crbug.com/242999)!:A0F02B003C220000]Automatic fallback to software WebGL has been deprecated. Please use the --enable-unsafe-swiftshader flag to opt in to lower security guarantees for trusted content.
[17848:17288:0412/193447.185:INFO:CONSOLE(0)] "[GroupMarkerNotSet(crbug.com/242999)!:A0F02B003C220000]Automatic fallback to software WebGL has been deprecated. Please use the --enable-unsafe-swiftshader flag to opt in to lower security guarantees for trusted content.", source: https://shopee.tw/buyer/login (0)
[17848:17288:0412/193447.306:INFO:CONSOLE(1)] "TypeError: Cannot read properties of null (reading '9')", source: https://deo.shopeemobile.com/shopee/modules-federation/live/0/shopee__web_enhance_sap/2.25.869.js (1)
[17848:17288:0412/193447.416:INFO:CONSOLE(1)] "TypeError: Cannot read properties of null (reading '9')", source: https://deo.shopeemobile.com/shopee/modules-federation/live/0/shopee__web_enhance_sap/2.25.869.js (1)
[17848:17288:0412/193447.549:INFO:CONSOLE(138)] "[Meta Pixel] - Duplicate Pixel ID: 503280033161781.", source: https://connect.facebook.net/en_US/fbevents.js (138)
[9364:4392:0412/193448.171:ERROR:gles2_cmd_decoder_passthrough.cc(1081)] [GroupMarkerNotSet(crbug.com/242999)!:A0F02B003C220000]Automatic fallback to software WebGL has been deprecated. Please use the --enable-unsafe-swiftshader flag to opt in to lower security guarantees for trusted content.
[9364:4392:0412/193448.238:ERROR:gl_utils.cc(431)] [.WebGL-0x22640a535400]GL Driver Message (OpenGL, Performance, GL_CLOSE_PATH_NV, High): GPU stall due to ReadPixels
[17848:17288:0412/193448.283:INFO:CONSOLE(1)] "Error", source: https://deo.shopeemobile.com/shopee/shopee-pcmall-live-sg/assets/sws.7b076e9bc847b033.js (1)
[17848:17288:0412/193448.319:INFO:CONSOLE(1)] "[object HTMLDivElement]", source: https://deo.shopeemobile.com/shopee/shopee-pcmall-live-sg/assets/sws.7b076e9bc847b033.js (1)
[18328:16732:0412/193448.331:INFO:peer_connection_dependency_factory.cc(802)] Running WebRTC with a combined Network and Worker thread.
[17848:17288:0412/193448.335:WARNING:capture_device_ranking.h(255)] Can't initialize the value of media.audio_input.user_preference_ranking because media.default_audio_capture_device isn't registered or is empty
[17848:17288:0412/193448.335:WARNING:capture_device_ranking.h(255)] Can't initialize the value of media.video_input.user_preference_ranking because media.default_video_capture_Device isn't registered or is empty
[17848:17288:0412/193448.338:INFO:CONSOLE(0)] "[GroupMarkerNotSet(crbug.com/242999)!:A0F02B003C220000]Automatic fallback to software WebGL has been deprecated. Please use the --enable-unsafe-swiftshader flag to opt in to lower security guarantees for trusted content.", source: https://shopee.tw/ (0)
[17848:17288:0412/193448.341:INFO:CONSOLE(0)] "[.WebGL-0x22640a535400]GL Driver Message (OpenGL, Performance, GL_CLOSE_PATH_NV, High): GPU stall due to ReadPixels", source: https://shopee.tw/ (0)
[17848:17288:0412/193448.956:INFO:CONSOLE(1)] "TypeError: Cannot read properties of null (reading '9')", source: https://deo.shopeemobile.com/shopee/modules-federation/live/0/shopee__web_enhance_sap/2.25.869.js (1)
[9364:4392:0412/193448.960:ERROR:gles2_cmd_decoder_passthrough.cc(1081)] [GroupMarkerNotSet(crbug.com/242999)!:A0C02B003C220000]Automatic fallback to software WebGL has been deprecated. Please use the --enable-unsafe-swiftshader flag to opt in to lower security guarantees for trusted content.
[17848:17288:0412/193449.462:INFO:CONSOLE(0)] "[GroupMarkerNotSet(crbug.com/242999)!:A0C02B003C220000]Automatic fallback to software WebGL has been deprecated. Please use the --enable-unsafe-swiftshader flag to opt in to lower security guarantees for trusted content.", source: https://shopee.tw/ (0)
[17848:17288:0412/193449.548:INFO:CONSOLE(1)] "TypeError: Cannot read properties of null (reading '9')", source: https://deo.shopeemobile.com/shopee/modules-federation/live/0/shopee__web_enhance_sap/2.25.869.js (1)
[17848:17288:0412/193449.762:INFO:CONSOLE(1)] "TypeError: Cannot read properties of null (reading '9')", source: https://deo.shopeemobile.com/shopee/modules-federation/live/0/shopee__web_enhance_sap/2.25.869.js (1)
[17848:17288:0412/193450.768:INFO:CONSOLE(1)] "TypeError: Cannot read properties of null (reading '9')", source: https://deo.shopeemobile.com/shopee/modules-federation/live/0/shopee__web_enhance_sap/2.25.869.js (1)
[17848:17288:0412/193451.713:INFO:CONSOLE(1)] "MiniChat Build Time:  Thu Apr 10 2025 18:39:23 GMT+0800 (Singapore Standard Time)", source: https://seller.shopee.tw/chateasy/minichat.js?_=29075014 (1)
[17848:17288:0412/193452.060:INFO:CONSOLE(1)] "|-- 新加上报点上报阶段:  LOAD_RESOURCE , 耗时为: 0, 数据： [object Object]", source: https://deo.shopeemobile.com/shopee/shopee-seller-live-tw/chateasy/service.fb1844aa58e7bf8963c4.js (1)
[17848:17288:0412/193452.060:INFO:CONSOLE(1)] "|-- 新加上报点上报阶段:  RENDER_HOME_PAGE , 耗时为: 0, 数据： [object Object]", source: https://deo.shopeemobile.com/shopee/shopee-seller-live-tw/chateasy/service.fb1844aa58e7bf8963c4.js (1)
[9364:4392:0412/193457.302:ERROR:gles2_cmd_decoder_passthrough.cc(1081)] [GroupMarkerNotSet(crbug.com/242999)!:A0C02B003C220000]Automatic fallback to software WebGL has been deprecated. Please use the --enable-unsafe-swiftshader flag to opt in to lower security guarantees for trusted content.
[9364:4392:0412/193457.323:ERROR:gl_utils.cc(431)] [.WebGL-0x2264037d6a00]GL Driver Message (OpenGL, Performance, GL_CLOSE_PATH_NV, High): GPU stall due to ReadPixels (this message will no longer repeat)
[17848:17288:0412/193457.347:INFO:CONSOLE(1)] "Error", source: https://deo.shopeemobile.com/shopee/shopee-pcmall-live-sg/assets/sws.7b076e9bc847b033.js (1)
[17848:17288:0412/193457.365:INFO:CONSOLE(1)] "[object HTMLDivElement]", source: https://deo.shopeemobile.com/shopee/shopee-pcmall-live-sg/assets/sws.7b076e9bc847b033.js (1)
[18328:16732:0412/193457.368:INFO:peer_connection_dependency_factory.cc(802)] Running WebRTC with a combined Network and Worker thread.
[17848:17288:0412/193457.374:WARNING:capture_device_ranking.h(255)] Can't initialize the value of media.audio_input.user_preference_ranking because media.default_audio_capture_device isn't registered or is empty
[17848:17288:0412/193457.374:WARNING:capture_device_ranking.h(255)] Can't initialize the value of media.video_input.user_preference_ranking because media.default_video_capture_Device isn't registered or is empty
[17848:17288:0412/193457.377:INFO:CONSOLE(0)] "[GroupMarkerNotSet(crbug.com/242999)!:A0C02B003C220000]Automatic fallback to software WebGL has been deprecated. Please use the --enable-unsafe-swiftshader flag to opt in to lower security guarantees for trusted content.", source: https://shopee.tw/buyer/login (0)
[17848:17288:0412/193457.377:INFO:CONSOLE(0)] "[.WebGL-0x2264037d6a00]GL Driver Message (OpenGL, Performance, GL_CLOSE_PATH_NV, High): GPU stall due to ReadPixels (this message will no longer repeat)", source: https://shopee.tw/buyer/login (0)
[17848:17288:0412/193457.943:INFO:CONSOLE(1)] "TypeError: Cannot read properties of null (reading '9')", source: https://deo.shopeemobile.com/shopee/modules-federation/live/0/shopee__web_enhance_sap/2.25.869.js (1)
[9364:4392:0412/193457.947:ERROR:gles2_cmd_decoder_passthrough.cc(1081)] [GroupMarkerNotSet(crbug.com/242999)!:A0F02B003C220000]Automatic fallback to software WebGL has been deprecated. Please use the --enable-unsafe-swiftshader flag to opt in to lower security guarantees for trusted content.
[17848:17288:0412/193458.045:INFO:CONSOLE(0)] "[GroupMarkerNotSet(crbug.com/242999)!:A0F02B003C220000]Automatic fallback to software WebGL has been deprecated. Please use the --enable-unsafe-swiftshader flag to opt in to lower security guarantees for trusted content.", source: https://shopee.tw/buyer/login (0)
[17848:17288:0412/193458.221:INFO:CONSOLE(1)] "TypeError: Cannot read properties of null (reading '9')", source: https://deo.shopeemobile.com/shopee/modules-federation/live/0/shopee__web_enhance_sap/2.25.869.js (1)
[17848:17288:0412/193458.325:INFO:CONSOLE(1)] "TypeError: Cannot read properties of null (reading '9')", source: https://deo.shopeemobile.com/shopee/modules-federation/live/0/shopee__web_enhance_sap/2.25.869.js (1)
[17848:17288:0412/193458.447:INFO:CONSOLE(1)] "TypeError: Cannot read properties of null (reading '9')", source: https://deo.shopeemobile.com/shopee/modules-federation/live/0/shopee__web_enhance_sap/2.25.869.js (1)
[9364:4392:0412/193458.822:ERROR:gles2_cmd_decoder_passthrough.cc(1081)] [GroupMarkerNotSet(crbug.com/242999)!:A0F02B003C220000]Automatic fallback to software WebGL has been deprecated. Please use the --enable-unsafe-swiftshader flag to opt in to lower security guarantees for trusted content.
[17848:17288:0412/193458.873:INFO:CONSOLE(1)] "Error", source: https://deo.shopeemobile.com/shopee/shopee-pcmall-live-sg/assets/sws.7b076e9bc847b033.js (1)
[17848:17288:0412/193458.890:INFO:CONSOLE(1)] "[object HTMLDivElement]", source: https://deo.shopeemobile.com/shopee/shopee-pcmall-live-sg/assets/sws.7b076e9bc847b033.js (1)
[18328:16732:0412/193458.892:INFO:peer_connection_dependency_factory.cc(802)] Running WebRTC with a combined Network and Worker thread.
[17848:17288:0412/193458.896:WARNING:capture_device_ranking.h(255)] Can't initialize the value of media.audio_input.user_preference_ranking because media.default_audio_capture_device isn't registered or is empty
[17848:17288:0412/193458.896:WARNING:capture_device_ranking.h(255)] Can't initialize the value of media.video_input.user_preference_ranking because media.default_video_capture_Device isn't registered or is empty
[17848:17288:0412/193458.899:INFO:CONSOLE(0)] "[GroupMarkerNotSet(crbug.com/242999)!:A0F02B003C220000]Automatic fallback to software WebGL has been deprecated. Please use the --enable-unsafe-swiftshader flag to opt in to lower security guarantees for trusted content.", source: https://shopee.tw/ (0)
[18328:10376:0412/193458.972:WARNING:webrtc_voice_engine.cc(808)] Attempting to stop aecdump when no audio processing module is present
[18328:10376:0412/193458.982:WARNING:webrtc_voice_engine.cc(808)] Attempting to stop aecdump when no audio processing module is present
[17848:17288:0412/193459.396:INFO:CONSOLE(1)] "TypeError: Cannot read properties of null (reading '9')", source: https://deo.shopeemobile.com/shopee/modules-federation/live/0/shopee__web_enhance_sap/2.25.869.js (1)
[9364:4392:0412/193459.401:ERROR:gles2_cmd_decoder_passthrough.cc(1081)] [GroupMarkerNotSet(crbug.com/242999)!:A0C02B003C220000]Automatic fallback to software WebGL has been deprecated. Please use the --enable-unsafe-swiftshader flag to opt in to lower security guarantees for trusted content.
[17848:17288:0412/193459.504:INFO:CONSOLE(0)] "[GroupMarkerNotSet(crbug.com/242999)!:A0C02B003C220000]Automatic fallback to software WebGL has been deprecated. Please use the --enable-unsafe-swiftshader flag to opt in to lower security guarantees for trusted content.", source: https://shopee.tw/ (0)
[17848:17288:0412/193459.578:INFO:CONSOLE(1)] "TypeError: Cannot read properties of null (reading '9')", source: https://deo.shopeemobile.com/shopee/modules-federation/live/0/shopee__web_enhance_sap/2.25.869.js (1)
[17848:17288:0412/193459.748:INFO:CONSOLE(1)] "TypeError: Cannot read properties of null (reading '9')", source: https://deo.shopeemobile.com/shopee/modules-federation/live/0/shopee__web_enhance_sap/2.25.869.js (1)
[17848:17288:0412/193459.837:INFO:CONSOLE(1)] "TypeError: Cannot read properties of null (reading '9')", source: https://deo.shopeemobile.com/shopee/modules-federation/live/0/shopee__web_enhance_sap/2.25.869.js (1)
[17848:17288:0412/193459.974:INFO:CONSOLE(1)] "TypeError: Cannot read properties of null (reading '9')", source: https://deo.shopeemobile.com/shopee/modules-federation/live/0/shopee__web_enhance_sap/2.25.869.js (1)
[17848:17288:0412/193501.753:INFO:CONSOLE(1)] "MiniChat Build Time:  Thu Apr 10 2025 18:39:23 GMT+0800 (Singapore Standard Time)", source: https://seller.shopee.tw/chateasy/minichat.js?_=29075015 (1)
[17848:17288:0412/193501.856:INFO:CONSOLE(1)] "|-- 新加上报点上报阶段:  LOAD_RESOURCE , 耗时为: 0, 数据： [object Object]", source: https://deo.shopeemobile.com/shopee/shopee-seller-live-tw/chateasy/service.fb1844aa58e7bf8963c4.js (1)
[17848:17288:0412/193501.857:INFO:CONSOLE(1)] "|-- 新加上报点上报阶段:  RENDER_HOME_PAGE , 耗时为: 0, 数据： [object Object]", source: https://deo.shopeemobile.com/shopee/shopee-seller-live-tw/chateasy/service.fb1844aa58e7bf8963c4.js (1)
[18328:10376:0412/193504.809:WARNING:webrtc_voice_engine.cc(808)] Attempting to stop aecdump when no audio processing module is present
